# JRE version: OpenJDK Runtime Environment Temurin-21.0.11+10 (21.0.11+10) (build 21.0.11+10-LTS)
# Java VM: OpenJDK 64-Bit Server VM Temurin-21.0.11+10 (21.0.11+10-LTS, mixed mode, sharing, tiered, compressed oops, compressed class ptrs, parallel gc, windows-amd64)
GC Precious Log:
 CardTable entry size: 512
 CPUs: 12 total, 12 available
 Memory: 16071M
 Large Page Support: Disabled
 NUMA Support: Disabled
 Compressed Oops: Enabled (32-bit)
 Alignments: Space 512K, Generation 512K, Heap 2M
 Heap Min Capacity: 100M
 Heap Initial Capacity: 100M
 Heap Max Capacity: 2G
 Pre-touch: Disabled
 Parallel Workers: 10
Heap:
 PSYoungGen      total 18432K, used 18039K [0x00000000d5580000, 0x00000000d6d00000, 0x0000000100000000)
  eden space 16896K, 97% used [0x00000000d5580000,0x00000000d65a38d8,0x00000000d6600000)
  from space 1536K, 98% used [0x00000000d6600000,0x00000000d677a548,0x00000000d6780000)
  to   space 3584K, 0% used [0x00000000d6980000,0x00000000d6980000,0x00000000d6d00000)
 ParOldGen       total 68608K, used 53325K [0x0000000080000000, 0x0000000084300000, 0x00000000d5580000)
  object space 68608K, 77% used [0x0000000080000000,0x00000000834135e0,0x0000000084300000)
 Metaspace       used 72087K, committed 73792K, reserved 1114112K
  class space    used 7874K, committed 8640K, reserved 1048576K
GC Heap History (20 events):
Event: 15.929 GC heap before
{Heap before GC invocations=47 (full 3):
 PSYoungGen      total 18432K, used 18415K [0x00000000d5580000, 0x00000000d6b80000, 0x0000000100000000)
  eden space 17408K, 100% used [0x00000000d5580000,0x00000000d6680000,0x00000000d6680000)
  from space 1024K, 98% used [0x00000000d6680000,0x00000000d677be58,0x00000000d6780000)
  to   space 2560K, 0% used [0x00000000d6900000,0x00000000d6900000,0x00000000d6b80000)
 ParOldGen       total 68608K, used 44105K [0x0000000080000000, 0x0000000084300000, 0x00000000d5580000)
  object space 68608K, 64% used [0x0000000080000000,0x0000000082b12650,0x0000000084300000)
 Metaspace       used 59753K, committed 61248K, reserved 1114112K
  class space    used 6555K, committed 7232K, reserved 1048576K
}
Event: 15.931 GC heap after
{Heap after GC invocations=47 (full 3):
 PSYoungGen      total 19456K, used 1711K [0x00000000d5580000, 0x00000000d6b00000, 0x0000000100000000)
  eden space 17408K, 0% used [0x00000000d5580000,0x00000000d5580000,0x00000000d6680000)
  from space 2048K, 83% used [0x00000000d6900000,0x00000000d6aabe50,0x00000000d6b00000)
  to   space 2048K, 0% used [0x00000000d6700000,0x00000000d6700000,0x00000000d6900000)
 ParOldGen       total 68608K, used 45041K [0x0000000080000000, 0x0000000084300000, 0x00000000d5580000)
  object space 68608K, 65% used [0x0000000080000000,0x0000000082bfc4a8,0x0000000084300000)
 Metaspace       used 59753K, committed 61248K, reserved 1114112K
  class space    used 6555K, committed 7232K, reserved 1048576K
}
Event: 15.961 GC heap before
{Heap before GC invocations=48 (full 3):
 PSYoungGen      total 19456K, used 19020K [0x00000000d5580000, 0x00000000d6b00000, 0x0000000100000000)
  eden space 17408K, 99% used [0x00000000d5580000,0x00000000d6667510,0x00000000d6680000)
  from space 2048K, 83% used [0x00000000d6900000,0x00000000d6aabe50,0x00000000d6b00000)
  to   space 2048K, 0% used [0x00000000d6700000,0x00000000d6700000,0x00000000d6900000)
 ParOldGen       total 68608K, used 45041K [0x0000000080000000, 0x0000000084300000, 0x00000000d5580000)
  object space 68608K, 65% used [0x0000000080000000,0x0000000082bfc4a8,0x0000000084300000)
 Metaspace       used 59761K, committed 61248K, reserved 1114112K
  class space    used 6555K, committed 7232K, reserved 1048576K
}
Event: 15.963 GC heap after
{Heap after GC invocations=48 (full 3):
 PSYoungGen      total 18944K, used 1120K [0x00000000d5580000, 0x00000000d6980000, 0x0000000100000000)
  eden space 17408K, 0% used [0x00000000d5580000,0x00000000d5580000,0x00000000d6680000)
  from space 1536K, 72% used [0x00000000d6700000,0x00000000d68180a0,0x00000000d6880000)
  to   space 1024K, 0% used [0x00000000d6880000,0x00000000d6880000,0x00000000d6980000)
 ParOldGen       total 68608K, used 45661K [0x0000000080000000, 0x0000000084300000, 0x00000000d5580000)
  object space 68608K, 66% used [0x0000000080000000,0x0000000082c97620,0x0000000084300000)
 Metaspace       used 59761K, committed 61248K, reserved 1114112K
  class space    used 6555K, committed 7232K, reserved 1048576K
}
Event: 16.296 GC heap before
{Heap before GC invocations=49 (full 3):
 PSYoungGen      total 18944K, used 18528K [0x00000000d5580000, 0x00000000d6980000, 0x0000000100000000)
  eden space 17408K, 100% used [0x00000000d5580000,0x00000000d6680000,0x00000000d6680000)
  from space 1536K, 72% used [0x00000000d6700000,0x00000000d68180a0,0x00000000d6880000)
  to   space 1024K, 0% used [0x00000000d6880000,0x00000000d6880000,0x00000000d6980000)
 ParOldGen       total 68608K, used 45661K [0x0000000080000000, 0x0000000084300000, 0x00000000d5580000)
  object space 68608K, 66% used [0x0000000080000000,0x0000000082c97620,0x0000000084300000)
 Metaspace       used 61718K, committed 63232K, reserved 1114112K
  class space    used 6713K, committed 7424K, reserved 1048576K
}
Event: 16.299 GC heap after
{Heap after GC invocations=49 (full 3):
 PSYoungGen      total 17920K, used 1003K [0x00000000d5580000, 0x00000000d6b80000, 0x0000000100000000)
  eden space 16896K, 0% used [0x00000000d5580000,0x00000000d5580000,0x00000000d6600000)
  from space 1024K, 98% used [0x00000000d6880000,0x00000000d697aec0,0x00000000d6980000)
  to   space 2560K, 0% used [0x00000000d6600000,0x00000000d6600000,0x00000000d6880000)
 ParOldGen       total 68608K, used 46942K [0x0000000080000000, 0x0000000084300000, 0x00000000d5580000)
  object space 68608K, 68% used [0x0000000080000000,0x0000000082dd7a38,0x0000000084300000)
 Metaspace       used 61718K, committed 63232K, reserved 1114112K
  class space    used 6713K, committed 7424K, reserved 1048576K
}
Event: 16.604 GC heap before
{Heap before GC invocations=50 (full 3):
 PSYoungGen      total 17920K, used 17899K [0x00000000d5580000, 0x00000000d6b80000, 0x0000000100000000)
  eden space 16896K, 99% used [0x00000000d5580000,0x00000000d65fffc8,0x00000000d6600000)
  from space 1024K, 98% used [0x00000000d6880000,0x00000000d697aec0,0x00000000d6980000)
  to   space 2560K, 0% used [0x00000000d6600000,0x00000000d6600000,0x00000000d6880000)
 ParOldGen       total 68608K, used 46942K [0x0000000080000000, 0x0000000084300000, 0x00000000d5580000)
  object space 68608K, 68% used [0x0000000080000000,0x0000000082dd7a38,0x0000000084300000)
 Metaspace       used 63339K, committed 64832K, reserved 1114112K
  class space    used 6906K, committed 7616K, reserved 1048576K
}
Event: 16.608 GC heap after
{Heap after GC invocations=50 (full 3):
 PSYoungGen      total 18432K, used 1321K [0x00000000d5580000, 0x00000000d6a00000, 0x0000000100000000)
  eden space 16896K, 0% used [0x00000000d5580000,0x00000000d5580000,0x00000000d6600000)
  from space 1536K, 86% used [0x00000000d6600000,0x00000000d674a4c8,0x00000000d6780000)
  to   space 2048K, 0% used [0x00000000d6800000,0x00000000d6800000,0x00000000d6a00000)
 ParOldGen       total 68608K, used 47838K [0x0000000080000000, 0x0000000084300000, 0x00000000d5580000)
  object space 68608K, 69% used [0x0000000080000000,0x0000000082eb7898,0x0000000084300000)
 Metaspace       used 63339K, committed 64832K, reserved 1114112K
  class space    used 6906K, committed 7616K, reserved 1048576K
}
Event: 16.856 GC heap before
{Heap before GC invocations=51 (full 3):
 PSYoungGen      total 18432K, used 18217K [0x00000000d5580000, 0x00000000d6a00000, 0x0000000100000000)
  eden space 16896K, 100% used [0x00000000d5580000,0x00000000d6600000,0x00000000d6600000)
  from space 1536K, 86% used [0x00000000d6600000,0x00000000d674a4c8,0x00000000d6780000)
  to   space 2048K, 0% used [0x00000000d6800000,0x00000000d6800000,0x00000000d6a00000)
 ParOldGen       total 68608K, used 47838K [0x0000000080000000, 0x0000000084300000, 0x00000000d5580000)
  object space 68608K, 69% used [0x0000000080000000,0x0000000082eb7898,0x0000000084300000)
 Metaspace       used 64721K, committed 66304K, reserved 1114112K
  class space    used 7049K, committed 7744K, reserved 1048576K
}
Event: 16.859 GC heap after
{Heap after GC invocations=51 (full 3):
 PSYoungGen      total 18432K, used 1056K [0x00000000d5580000, 0x00000000d6980000, 0x0000000100000000)
  eden space 16896K, 0% used [0x00000000d5580000,0x00000000d5580000,0x00000000d6600000)
  from space 1536K, 68% used [0x00000000d6800000,0x00000000d6908000,0x00000000d6980000)
  to   space 1536K, 0% used [0x00000000d6600000,0x00000000d6600000,0x00000000d6780000)
 ParOldGen       total 68608K, used 48987K [0x0000000080000000, 0x0000000084300000, 0x00000000d5580000)
  object space 68608K, 71% used [0x0000000080000000,0x0000000082fd6e78,0x0000000084300000)
 Metaspace       used 64721K, committed 66304K, reserved 1114112K
  class space    used 7049K, committed 7744K, reserved 1048576K
}
Event: 31.805 GC heap before
{Heap before GC invocations=52 (full 3):
 PSYoungGen      total 18432K, used 17952K [0x00000000d5580000, 0x00000000d6980000, 0x0000000100000000)
  eden space 16896K, 100% used [0x00000000d5580000,0x00000000d6600000,0x00000000d6600000)
  from space 1536K, 68% used [0x00000000d6800000,0x00000000d6908000,0x00000000d6980000)
  to   space 1536K, 0% used [0x00000000d6600000,0x00000000d6600000,0x00000000d6780000)
 ParOldGen       total 68608K, used 48987K [0x0000000080000000, 0x0000000084300000, 0x00000000d5580000)
  object space 68608K, 71% used [0x0000000080000000,0x0000000082fd6e78,0x0000000084300000)
 Metaspace       used 66092K, committed 67584K, reserved 1114112K
  class space    used 7219K, committed 7872K, reserved 1048576K
}
Event: 31.808 GC heap after
{Heap after GC invocations=52 (full 3):
 PSYoungGen      total 18432K, used 1168K [0x00000000d5580000, 0x00000000d6900000, 0x0000000100000000)
  eden space 16896K, 0% used [0x00000000d5580000,0x00000000d5580000,0x00000000d6600000)
  from space 1536K, 76% used [0x00000000d6600000,0x00000000d6724030,0x00000000d6780000)
  to   space 1536K, 0% used [0x00000000d6780000,0x00000000d6780000,0x00000000d6900000)
 ParOldGen       total 68608K, used 49874K [0x0000000080000000, 0x0000000084300000, 0x00000000d5580000)
  object space 68608K, 72% used [0x0000000080000000,0x00000000830b4b70,0x0000000084300000)
 Metaspace       used 66092K, committed 67584K, reserved 1114112K
  class space    used 7219K, committed 7872K, reserved 1048576K
}
Event: 40.755 GC heap before
{Heap before GC invocations=53 (full 3):
 PSYoungGen      total 18432K, used 18064K [0x00000000d5580000, 0x00000000d6900000, 0x0000000100000000)
  eden space 16896K, 100% used [0x00000000d5580000,0x00000000d6600000,0x00000000d6600000)
  from space 1536K, 76% used [0x00000000d6600000,0x00000000d6724030,0x00000000d6780000)
  to   space 1536K, 0% used [0x00000000d6780000,0x00000000d6780000,0x00000000d6900000)
 ParOldGen       total 68608K, used 49874K [0x0000000080000000, 0x0000000084300000, 0x00000000d5580000)
  object space 68608K, 72% used [0x0000000080000000,0x00000000830b4b70,0x0000000084300000)
 Metaspace       used 67306K, committed 68928K, reserved 1114112K
  class space    used 7352K, committed 8064K, reserved 1048576K
}
Event: 40.757 GC heap after
{Heap after GC invocations=53 (full 3):
 PSYoungGen      total 17920K, used 693K [0x00000000d5580000, 0x00000000d6880000, 0x0000000100000000)
  eden space 16896K, 0% used [0x00000000d5580000,0x00000000d5580000,0x00000000d6600000)
  from space 1024K, 67% used [0x00000000d6780000,0x00000000d682d428,0x00000000d6880000)
  to   space 1024K, 0% used [0x00000000d6680000,0x00000000d6680000,0x00000000d6780000)
 ParOldGen       total 68608K, used 50875K [0x0000000080000000, 0x0000000084300000, 0x00000000d5580000)
  object space 68608K, 74% used [0x0000000080000000,0x00000000831aecd8,0x0000000084300000)
 Metaspace       used 67306K, committed 68928K, reserved 1114112K
  class space    used 7352K, committed 8064K, reserved 1048576K
}
Event: 41.083 GC heap before
{Heap before GC invocations=54 (full 3):
 PSYoungGen      total 17920K, used 17589K [0x00000000d5580000, 0x00000000d6880000, 0x0000000100000000)
  eden space 16896K, 100% used [0x00000000d5580000,0x00000000d6600000,0x00000000d6600000)
  from space 1024K, 67% used [0x00000000d6780000,0x00000000d682d428,0x00000000d6880000)
  to   space 1024K, 0% used [0x00000000d6680000,0x00000000d6680000,0x00000000d6780000)
 ParOldGen       total 68608K, used 50875K [0x0000000080000000, 0x0000000084300000, 0x00000000d5580000)
  object space 68608K, 74% used [0x0000000080000000,0x00000000831aecd8,0x0000000084300000)
 Metaspace       used 69120K, committed 70848K, reserved 1114112K
  class space    used 7552K, committed 8320K, reserved 1048576K
}
Event: 41.085 GC heap after
{Heap after GC invocations=54 (full 3):
 PSYoungGen      total 17920K, used 577K [0x00000000d5580000, 0x00000000d6800000, 0x0000000100000000)
  eden space 16896K, 0% used [0x00000000d5580000,0x00000000d5580000,0x00000000d6600000)
  from space 1024K, 56% used [0x00000000d6680000,0x00000000d67105d8,0x00000000d6780000)
  to   space 512K, 0% used [0x00000000d6780000,0x00000000d6780000,0x00000000d6800000)
 ParOldGen       total 68608K, used 51414K [0x0000000080000000, 0x0000000084300000, 0x00000000d5580000)
  object space 68608K, 74% used [0x0000000080000000,0x00000000832359c0,0x0000000084300000)
 Metaspace       used 69120K, committed 70848K, reserved 1114112K
  class space    used 7552K, committed 8320K, reserved 1048576K
}
Event: 55.375 GC heap before
{Heap before GC invocations=55 (full 3):
 PSYoungGen      total 17920K, used 17473K [0x00000000d5580000, 0x00000000d6800000, 0x0000000100000000)
  eden space 16896K, 100% used [0x00000000d5580000,0x00000000d6600000,0x00000000d6600000)
  from space 1024K, 56% used [0x00000000d6680000,0x00000000d67105d8,0x00000000d6780000)
  to   space 512K, 0% used [0x00000000d6780000,0x00000000d6780000,0x00000000d6800000)
 ParOldGen       total 68608K, used 51414K [0x0000000080000000, 0x0000000084300000, 0x00000000d5580000)
  object space 68608K, 74% used [0x0000000080000000,0x00000000832359c0,0x0000000084300000)
 Metaspace       used 70854K, committed 72576K, reserved 1114112K
  class space    used 7827K, committed 8576K, reserved 1048576K
}
Event: 55.378 GC heap after
{Heap after GC invocations=55 (full 3):
 PSYoungGen      total 17408K, used 489K [0x00000000d5580000, 0x00000000d6900000, 0x0000000100000000)
  eden space 16896K, 0% used [0x00000000d5580000,0x00000000d5580000,0x00000000d6600000)
  from space 512K, 95% used [0x00000000d6780000,0x00000000d67fa670,0x00000000d6800000)
  to   space 1536K, 0% used [0x00000000d6600000,0x00000000d6600000,0x00000000d6780000)
 ParOldGen       total 68608K, used 51909K [0x0000000080000000, 0x0000000084300000, 0x00000000d5580000)
  object space 68608K, 75% used [0x0000000080000000,0x00000000832b15b0,0x0000000084300000)
 Metaspace       used 70854K, committed 72576K, reserved 1114112K
  class space    used 7827K, committed 8576K, reserved 1048576K
}
Event: 63.642 GC heap before
{Heap before GC invocations=56 (full 3):
 PSYoungGen      total 17408K, used 17380K [0x00000000d5580000, 0x00000000d6900000, 0x0000000100000000)
  eden space 16896K, 99% used [0x00000000d5580000,0x00000000d65febd8,0x00000000d6600000)
  from space 512K, 95% used [0x00000000d6780000,0x00000000d67fa670,0x00000000d6800000)
  to   space 1536K, 0% used [0x00000000d6600000,0x00000000d6600000,0x00000000d6780000)
 ParOldGen       total 68608K, used 51909K [0x0000000080000000, 0x0000000084300000, 0x00000000d5580000)
  object space 68608K, 75% used [0x0000000080000000,0x00000000832b15b0,0x0000000084300000)
 Metaspace       used 71074K, committed 72768K, reserved 1114112K
  class space    used 7830K, committed 8576K, reserved 1048576K
}
Event: 63.646 GC heap after
{Heap after GC invocations=56 (full 3):
 PSYoungGen      total 18432K, used 1513K [0x00000000d5580000, 0x00000000d6d00000, 0x0000000100000000)
  eden space 16896K, 0% used [0x00000000d5580000,0x00000000d5580000,0x00000000d6600000)
  from space 1536K, 98% used [0x00000000d6600000,0x00000000d677a548,0x00000000d6780000)
  to   space 3584K, 0% used [0x00000000d6980000,0x00000000d6980000,0x00000000d6d00000)
 ParOldGen       total 68608K, used 53325K [0x0000000080000000, 0x0000000084300000, 0x00000000d5580000)
  object space 68608K, 77% used [0x0000000080000000,0x00000000834135e0,0x0000000084300000)
 Metaspace       used 71074K, committed 72768K, reserved 1114112K
  class space    used 7830K, committed 8576K, reserved 1048576K
}

