# JRE version: OpenJDK Runtime Environment Temurin-21.0.11+10 (21.0.11+10) (build 21.0.11+10-LTS)
# Java VM: OpenJDK 64-Bit Server VM Temurin-21.0.11+10 (21.0.11+10-LTS, mixed mode, sharing, tiered, compressed oops, compressed class ptrs, parallel gc, windows-amd64)
GC Precious Log:
 CardTable entry size: 512
 CPUs: 12 total, 12 available
 Memory: 16071M
 Large Page Support: Disabled
 NUMA Support: Disabled
 Compressed Oops: Enabled (32-bit)
 Alignments: Space 512K, Generation 512K, Heap 2M
 Heap Min Capacity: 100M
 Heap Initial Capacity: 100M
 Heap Max Capacity: 2G
 Pre-touch: Disabled
 Parallel Workers: 10
Heap:
 PSYoungGen      total 5632K, used 1513K [0x00000000d5580000, 0x00000000d5f00000, 0x0000000100000000)
  eden space 4608K, 17% used [0x00000000d5580000,0x00000000d5646430,0x00000000d5a00000)
  from space 1024K, 70% used [0x00000000d5d80000,0x00000000d5e34010,0x00000000d5e80000)
  to   space 512K, 0% used [0x00000000d5e80000,0x00000000d5e80000,0x00000000d5f00000)
 ParOldGen       total 1332736K, used 1332288K [0x0000000080000000, 0x00000000d1580000, 0x00000000d5580000)
  object space 1332736K, 99% used [0x0000000080000000,0x00000000d1510080,0x00000000d1580000)
 Metaspace       used 100142K, committed 102144K, reserved 1179648K
  class space    used 10399K, committed 11328K, reserved 1048576K
GC Heap History (20 events):
Event: 1936.470 GC heap after
{Heap after GC invocations=2838 (full 5):
 PSYoungGen      total 5632K, used 224K [0x00000000d5580000, 0x00000000d6080000, 0x0000000100000000)
  eden space 4608K, 0% used [0x00000000d5580000,0x00000000d5580000,0x00000000d5a00000)
  from space 1024K, 21% used [0x00000000d5f00000,0x00000000d5f38000,0x00000000d6000000)
  to   space 512K, 0% used [0x00000000d6000000,0x00000000d6000000,0x00000000d6080000)
 ParOldGen       total 1327104K, used 1327018K [0x0000000080000000, 0x00000000d1000000, 0x00000000d5580000)
  object space 1327104K, 99% used [0x0000000080000000,0x00000000d0feaa20,0x00000000d1000000)
 Metaspace       used 100125K, committed 102144K, reserved 1179648K
  class space    used 10399K, committed 11328K, reserved 1048576K
}
Event: 1938.726 GC heap before
{Heap before GC invocations=2839 (full 5):
 PSYoungGen      total 5632K, used 4830K [0x00000000d5580000, 0x00000000d6080000, 0x0000000100000000)
  eden space 4608K, 99% used [0x00000000d5580000,0x00000000d59ff848,0x00000000d5a00000)
  from space 1024K, 21% used [0x00000000d5f00000,0x00000000d5f38000,0x00000000d6000000)
  to   space 512K, 0% used [0x00000000d6000000,0x00000000d6000000,0x00000000d6080000)
 ParOldGen       total 1327104K, used 1327018K [0x0000000080000000, 0x00000000d1000000, 0x00000000d5580000)
  object space 1327104K, 99% used [0x0000000080000000,0x00000000d0feaa20,0x00000000d1000000)
 Metaspace       used 100130K, committed 102144K, reserved 1179648K
  class space    used 10399K, committed 11328K, reserved 1048576K
}
Event: 1938.729 GC heap after
{Heap after GC invocations=2839 (full 5):
 PSYoungGen      total 5120K, used 224K [0x00000000d5580000, 0x00000000d6080000, 0x0000000100000000)
  eden space 4608K, 0% used [0x00000000d5580000,0x00000000d5580000,0x00000000d5a00000)
  from space 512K, 43% used [0x00000000d6000000,0x00000000d6038000,0x00000000d6080000)
  to   space 512K, 0% used [0x00000000d5f80000,0x00000000d5f80000,0x00000000d6000000)
 ParOldGen       total 1327104K, used 1327058K [0x0000000080000000, 0x00000000d1000000, 0x00000000d5580000)
  object space 1327104K, 99% used [0x0000000080000000,0x00000000d0ff4a20,0x00000000d1000000)
 Metaspace       used 100130K, committed 102144K, reserved 1179648K
  class space    used 10399K, committed 11328K, reserved 1048576K
}
Event: 1946.088 GC heap before
{Heap before GC invocations=2840 (full 5):
 PSYoungGen      total 5120K, used 4832K [0x00000000d5580000, 0x00000000d6080000, 0x0000000100000000)
  eden space 4608K, 100% used [0x00000000d5580000,0x00000000d5a00000,0x00000000d5a00000)
  from space 512K, 43% used [0x00000000d6000000,0x00000000d6038000,0x00000000d6080000)
  to   space 512K, 0% used [0x00000000d5f80000,0x00000000d5f80000,0x00000000d6000000)
 ParOldGen       total 1327104K, used 1327058K [0x0000000080000000, 0x00000000d1000000, 0x00000000d5580000)
  object space 1327104K, 99% used [0x0000000080000000,0x00000000d0ff4a20,0x00000000d1000000)
 Metaspace       used 100141K, committed 102144K, reserved 1179648K
  class space    used 10399K, committed 11328K, reserved 1048576K
}
Event: 1946.093 GC heap after
{Heap after GC invocations=2840 (full 5):
 PSYoungGen      total 5120K, used 512K [0x00000000d5580000, 0x00000000d6080000, 0x0000000100000000)
  eden space 4608K, 0% used [0x00000000d5580000,0x00000000d5580000,0x00000000d5a00000)
  from space 512K, 100% used [0x00000000d5f80000,0x00000000d6000000,0x00000000d6000000)
  to   space 512K, 0% used [0x00000000d6000000,0x00000000d6000000,0x00000000d6080000)
 ParOldGen       total 1327616K, used 1327242K [0x0000000080000000, 0x00000000d1080000, 0x00000000d5580000)
  object space 1327616K, 99% used [0x0000000080000000,0x00000000d1022a30,0x00000000d1080000)
 Metaspace       used 100141K, committed 102144K, reserved 1179648K
  class space    used 10399K, committed 11328K, reserved 1048576K
}
Event: 1946.471 GC heap before
{Heap before GC invocations=2841 (full 5):
 PSYoungGen      total 5120K, used 5120K [0x00000000d5580000, 0x00000000d6080000, 0x0000000100000000)
  eden space 4608K, 100% used [0x00000000d5580000,0x00000000d5a00000,0x00000000d5a00000)
  from space 512K, 100% used [0x00000000d5f80000,0x00000000d6000000,0x00000000d6000000)
  to   space 512K, 0% used [0x00000000d6000000,0x00000000d6000000,0x00000000d6080000)
 ParOldGen       total 1327616K, used 1327242K [0x0000000080000000, 0x00000000d1080000, 0x00000000d5580000)
  object space 1327616K, 99% used [0x0000000080000000,0x00000000d1022a30,0x00000000d1080000)
 Metaspace       used 100141K, committed 102144K, reserved 1179648K
  class space    used 10399K, committed 11328K, reserved 1048576K
}
Event: 1946.476 GC heap after
{Heap after GC invocations=2841 (full 5):
 PSYoungGen      total 5120K, used 480K [0x00000000d5580000, 0x00000000d6080000, 0x0000000100000000)
  eden space 4608K, 0% used [0x00000000d5580000,0x00000000d5580000,0x00000000d5a00000)
  from space 512K, 93% used [0x00000000d6000000,0x00000000d6078000,0x00000000d6080000)
  to   space 1024K, 0% used [0x00000000d5e80000,0x00000000d5e80000,0x00000000d5f80000)
 ParOldGen       total 1328128K, used 1327756K [0x0000000080000000, 0x00000000d1100000, 0x00000000d5580000)
  object space 1328128K, 99% used [0x0000000080000000,0x00000000d10a3330,0x00000000d1100000)
 Metaspace       used 100141K, committed 102144K, reserved 1179648K
  class space    used 10399K, committed 11328K, reserved 1048576K
}
Event: 1947.364 GC heap before
{Heap before GC invocations=2842 (full 5):
 PSYoungGen      total 5120K, used 5088K [0x00000000d5580000, 0x00000000d6080000, 0x0000000100000000)
  eden space 4608K, 100% used [0x00000000d5580000,0x00000000d5a00000,0x00000000d5a00000)
  from space 512K, 93% used [0x00000000d6000000,0x00000000d6078000,0x00000000d6080000)
  to   space 1024K, 0% used [0x00000000d5e80000,0x00000000d5e80000,0x00000000d5f80000)
 ParOldGen       total 1328128K, used 1327756K [0x0000000080000000, 0x00000000d1100000, 0x00000000d5580000)
  object space 1328128K, 99% used [0x0000000080000000,0x00000000d10a3330,0x00000000d1100000)
 Metaspace       used 100141K, committed 102144K, reserved 1179648K
  class space    used 10399K, committed 11328K, reserved 1048576K
}
Event: 1947.367 GC heap after
{Heap after GC invocations=2842 (full 5):
 PSYoungGen      total 5632K, used 672K [0x00000000d5580000, 0x00000000d6080000, 0x0000000100000000)
  eden space 4608K, 0% used [0x00000000d5580000,0x00000000d5580000,0x00000000d5a00000)
  from space 1024K, 65% used [0x00000000d5e80000,0x00000000d5f28000,0x00000000d5f80000)
  to   space 1024K, 0% used [0x00000000d5f80000,0x00000000d5f80000,0x00000000d6080000)
 ParOldGen       total 1328128K, used 1327956K [0x0000000080000000, 0x00000000d1100000, 0x00000000d5580000)
  object space 1328128K, 99% used [0x0000000080000000,0x00000000d10d5330,0x00000000d1100000)
 Metaspace       used 100141K, committed 102144K, reserved 1179648K
  class space    used 10399K, committed 11328K, reserved 1048576K
}
Event: 1947.777 GC heap before
{Heap before GC invocations=2843 (full 5):
 PSYoungGen      total 5632K, used 5280K [0x00000000d5580000, 0x00000000d6080000, 0x0000000100000000)
  eden space 4608K, 100% used [0x00000000d5580000,0x00000000d5a00000,0x00000000d5a00000)
  from space 1024K, 65% used [0x00000000d5e80000,0x00000000d5f28000,0x00000000d5f80000)
  to   space 1024K, 0% used [0x00000000d5f80000,0x00000000d5f80000,0x00000000d6080000)
 ParOldGen       total 1328128K, used 1327956K [0x0000000080000000, 0x00000000d1100000, 0x00000000d5580000)
  object space 1328128K, 99% used [0x0000000080000000,0x00000000d10d5330,0x00000000d1100000)
 Metaspace       used 100141K, committed 102144K, reserved 1179648K
  class space    used 10399K, committed 11328K, reserved 1048576K
}
Event: 1947.782 GC heap after
{Heap after GC invocations=2843 (full 5):
 PSYoungGen      total 5632K, used 1008K [0x00000000d5580000, 0x00000000d6080000, 0x0000000100000000)
  eden space 4608K, 0% used [0x00000000d5580000,0x00000000d5580000,0x00000000d5a00000)
  from space 1024K, 98% used [0x00000000d5f80000,0x00000000d607c010,0x00000000d6080000)
  to   space 2048K, 0% used [0x00000000d5c80000,0x00000000d5c80000,0x00000000d5e80000)
 ParOldGen       total 1328640K, used 1328567K [0x0000000080000000, 0x00000000d1180000, 0x00000000d5580000)
  object space 1328640K, 99% used [0x0000000080000000,0x00000000d116dc40,0x00000000d1180000)
 Metaspace       used 100141K, committed 102144K, reserved 1179648K
  class space    used 10399K, committed 11328K, reserved 1048576K
}
Event: 1948.669 GC heap before
{Heap before GC invocations=2844 (full 5):
 PSYoungGen      total 5632K, used 5616K [0x00000000d5580000, 0x00000000d6080000, 0x0000000100000000)
  eden space 4608K, 100% used [0x00000000d5580000,0x00000000d5a00000,0x00000000d5a00000)
  from space 1024K, 98% used [0x00000000d5f80000,0x00000000d607c010,0x00000000d6080000)
  to   space 2048K, 0% used [0x00000000d5c80000,0x00000000d5c80000,0x00000000d5e80000)
 ParOldGen       total 1328640K, used 1328567K [0x0000000080000000, 0x00000000d1180000, 0x00000000d5580000)
  object space 1328640K, 99% used [0x0000000080000000,0x00000000d116dc40,0x00000000d1180000)
 Metaspace       used 100141K, committed 102144K, reserved 1179648K
  class space    used 10399K, committed 11328K, reserved 1048576K
}
Event: 1948.672 GC heap after
{Heap after GC invocations=2844 (full 5):
 PSYoungGen      total 6656K, used 336K [0x00000000d5580000, 0x00000000d6000000, 0x0000000100000000)
  eden space 4608K, 0% used [0x00000000d5580000,0x00000000d5580000,0x00000000d5a00000)
  from space 2048K, 16% used [0x00000000d5c80000,0x00000000d5cd4010,0x00000000d5e80000)
  to   space 1024K, 0% used [0x00000000d5f00000,0x00000000d5f00000,0x00000000d6000000)
 ParOldGen       total 1329664K, used 1329545K [0x0000000080000000, 0x00000000d1280000, 0x00000000d5580000)
  object space 1329664K, 99% used [0x0000000080000000,0x00000000d1262550,0x00000000d1280000)
 Metaspace       used 100141K, committed 102144K, reserved 1179648K
  class space    used 10399K, committed 11328K, reserved 1048576K
}
Event: 1949.074 GC heap before
{Heap before GC invocations=2845 (full 5):
 PSYoungGen      total 6656K, used 4944K [0x00000000d5580000, 0x00000000d6000000, 0x0000000100000000)
  eden space 4608K, 100% used [0x00000000d5580000,0x00000000d5a00000,0x00000000d5a00000)
  from space 2048K, 16% used [0x00000000d5c80000,0x00000000d5cd4010,0x00000000d5e80000)
  to   space 1024K, 0% used [0x00000000d5f00000,0x00000000d5f00000,0x00000000d6000000)
 ParOldGen       total 1329664K, used 1329545K [0x0000000080000000, 0x00000000d1280000, 0x00000000d5580000)
  object space 1329664K, 99% used [0x0000000080000000,0x00000000d1262550,0x00000000d1280000)
 Metaspace       used 100141K, committed 102144K, reserved 1179648K
  class space    used 10399K, committed 11328K, reserved 1048576K
}
Event: 1949.080 GC heap after
{Heap after GC invocations=2845 (full 5):
 PSYoungGen      total 5632K, used 1024K [0x00000000d5580000, 0x00000000d6000000, 0x0000000100000000)
  eden space 4608K, 0% used [0x00000000d5580000,0x00000000d5580000,0x00000000d5a00000)
  from space 1024K, 100% used [0x00000000d5f00000,0x00000000d6000000,0x00000000d6000000)
  to   space 2048K, 0% used [0x00000000d5c00000,0x00000000d5c00000,0x00000000d5e00000)
 ParOldGen       total 1330176K, used 1329917K [0x0000000080000000, 0x00000000d1300000, 0x00000000d5580000)
  object space 1330176K, 99% used [0x0000000080000000,0x00000000d12bf770,0x00000000d1300000)
 Metaspace       used 100141K, committed 102144K, reserved 1179648K
  class space    used 10399K, committed 11328K, reserved 1048576K
}
Event: 1949.977 GC heap before
{Heap before GC invocations=2846 (full 5):
 PSYoungGen      total 5632K, used 5632K [0x00000000d5580000, 0x00000000d6000000, 0x0000000100000000)
  eden space 4608K, 100% used [0x00000000d5580000,0x00000000d5a00000,0x00000000d5a00000)
  from space 1024K, 100% used [0x00000000d5f00000,0x00000000d6000000,0x00000000d6000000)
  to   space 2048K, 0% used [0x00000000d5c00000,0x00000000d5c00000,0x00000000d5e00000)
 ParOldGen       total 1330176K, used 1329917K [0x0000000080000000, 0x00000000d1300000, 0x00000000d5580000)
  object space 1330176K, 99% used [0x0000000080000000,0x00000000d12bf770,0x00000000d1300000)
 Metaspace       used 100142K, committed 102144K, reserved 1179648K
  class space    used 10399K, committed 11328K, reserved 1048576K
}
Event: 1949.980 GC heap after
{Heap after GC invocations=2846 (full 5):
 PSYoungGen      total 6656K, used 640K [0x00000000d5580000, 0x00000000d5f80000, 0x0000000100000000)
  eden space 4608K, 0% used [0x00000000d5580000,0x00000000d5580000,0x00000000d5a00000)
  from space 2048K, 31% used [0x00000000d5c00000,0x00000000d5ca0000,0x00000000d5e00000)
  to   space 1024K, 0% used [0x00000000d5e80000,0x00000000d5e80000,0x00000000d5f80000)
 ParOldGen       total 1331200K, used 1330965K [0x0000000080000000, 0x00000000d1400000, 0x00000000d5580000)
  object space 1331200K, 99% used [0x0000000080000000,0x00000000d13c5770,0x00000000d1400000)
 Metaspace       used 100142K, committed 102144K, reserved 1179648K
  class space    used 10399K, committed 11328K, reserved 1048576K
}
Event: 1954.076 GC heap before
{Heap before GC invocations=2847 (full 5):
 PSYoungGen      total 6656K, used 5248K [0x00000000d5580000, 0x00000000d5f80000, 0x0000000100000000)
  eden space 4608K, 100% used [0x00000000d5580000,0x00000000d5a00000,0x00000000d5a00000)
  from space 2048K, 31% used [0x00000000d5c00000,0x00000000d5ca0000,0x00000000d5e00000)
  to   space 1024K, 0% used [0x00000000d5e80000,0x00000000d5e80000,0x00000000d5f80000)
 ParOldGen       total 1331200K, used 1330965K [0x0000000080000000, 0x00000000d1400000, 0x00000000d5580000)
  object space 1331200K, 99% used [0x0000000080000000,0x00000000d13c5770,0x00000000d1400000)
 Metaspace       used 100142K, committed 102144K, reserved 1179648K
  class space    used 10399K, committed 11328K, reserved 1048576K
}
Event: 1954.080 GC heap after
{Heap after GC invocations=2847 (full 5):
 PSYoungGen      total 5632K, used 896K [0x00000000d5580000, 0x00000000d5f80000, 0x0000000100000000)
  eden space 4608K, 0% used [0x00000000d5580000,0x00000000d5580000,0x00000000d5a00000)
  from space 1024K, 87% used [0x00000000d5e80000,0x00000000d5f60000,0x00000000d5f80000)
  to   space 1024K, 0% used [0x00000000d5d80000,0x00000000d5d80000,0x00000000d5e80000)
 ParOldGen       total 1331712K, used 1331437K [0x0000000080000000, 0x00000000d1480000, 0x00000000d5580000)
  object space 1331712K, 99% used [0x0000000080000000,0x00000000d143b770,0x00000000d1480000)
 Metaspace       used 100142K, committed 102144K, reserved 1179648K
  class space    used 10399K, committed 11328K, reserved 1048576K
}
Event: 1954.276 GC heap before
{Heap before GC invocations=2848 (full 5):
 PSYoungGen      total 5632K, used 5504K [0x00000000d5580000, 0x00000000d5f80000, 0x0000000100000000)
  eden space 4608K, 100% used [0x00000000d5580000,0x00000000d5a00000,0x00000000d5a00000)
  from space 1024K, 87% used [0x00000000d5e80000,0x00000000d5f60000,0x00000000d5f80000)
  to   space 1024K, 0% used [0x00000000d5d80000,0x00000000d5d80000,0x00000000d5e80000)
 ParOldGen       total 1331712K, used 1331437K [0x0000000080000000, 0x00000000d1480000, 0x00000000d5580000)
  object space 1331712K, 99% used [0x0000000080000000,0x00000000d143b770,0x00000000d1480000)
 Metaspace       used 100142K, committed 102144K, reserved 1179648K
  class space    used 10399K, committed 11328K, reserved 1048576K
}

